<?xml version="1.0" encoding="UTF-8"?>
<testng-results ignored="0" total="1" passed="1" failed="0" skipped="0">
  <reporter-output>
  </reporter-output>
  <suite started-at="2023-01-31T02:43:33 IST" name="Default suite" finished-at="2023-01-31T02:43:33 IST" duration-ms="108">
    <groups>
    </groups>
    <test started-at="2023-01-31T02:43:33 IST" name="Default test" finished-at="2023-01-31T02:43:33 IST" duration-ms="108">
      <class name="tstng.testngclass">
        <test-method is-config="true" signature="beforeClass()[pri:0, instance:tstng.testngclass@61230f6a]" started-at="2023-01-31T02:43:33 IST" name="beforeClass" finished-at="2023-01-31T02:43:33 IST" duration-ms="16" status="PASS">
          <reporter-output>
          </reporter-output>
        </test-method> <!-- beforeClass -->
        <test-method is-config="true" signature="beforemethod()[pri:0, instance:tstng.testngclass@61230f6a]" started-at="2023-01-31T02:43:33 IST" name="beforemethod" finished-at="2023-01-31T02:43:33 IST" duration-ms="0" status="PASS">
          <reporter-output>
          </reporter-output>
        </test-method> <!-- beforemethod -->
        <test-method signature="test()[pri:0, instance:tstng.testngclass@61230f6a]" started-at="2023-01-31T02:43:33 IST" name="test" finished-at="2023-01-31T02:43:33 IST" duration-ms="12" status="PASS">
          <reporter-output>
          </reporter-output>
        </test-method> <!-- test -->
        <test-method is-config="true" signature="afterlass()[pri:0, instance:tstng.testngclass@61230f6a]" started-at="2023-01-31T02:43:33 IST" name="afterlass" finished-at="2023-01-31T02:43:33 IST" duration-ms="1" status="PASS">
          <reporter-output>
          </reporter-output>
        </test-method> <!-- afterlass -->
      </class> <!-- tstng.testngclass -->
    </test> <!-- Default test -->
  </suite> <!-- Default suite -->
</testng-results>
